<?xml version="1.0" encoding="UTF-8"?>
<!-- Generated by org.testng.reporters.JUnitReportReporter -->
<testsuite hostname="DESKTOP-P010FOM" failures="0" tests="1" name="calculator.cabohydrate.runner.errorValidationRunner" time="0.036" errors="1" timestamp="2025-11-04T18:14:56 EST" skipped="0">
  <testcase classname="calculator.cabohydrate.runner.errorValidationRunner" name="runScenario" time="0.036">
    <error message="The step &#039;user is going to carb calculator site&#039; and 4 other step(s) are undefined.
You can implement these steps using the snippet(s) below:

@Given(&quot;user is going to carb calculator site&quot;)
public void user_is_going_to_carb_calculator_site() {
    // Write code here that turns the phrase above into concrete actions
    throw new io.cucumber.java.PendingException();
}
@When(&quot;Metrics units is selected default&quot;)
public void metrics_units_is_selected_default() {
    // Write code here that turns the phrase above into concrete actions
    throw new io.cucumber.java.PendingException();
}
@When(&quot;enter invalid input for all the fields&quot;)
public void enter_invalid_input_for_all_the_fields() {
    // Write code here that turns the phrase above into concrete actions
    throw new io.cucumber.java.PendingException();
}
@When(&quot;Click on calculate button&quot;)
public void click_on_calculate_button() {
    // Write code here that turns the phrase above into concrete actions
    throw new io.cucumber.java.PendingException();
}
@Then(&quot;Verify if system shows an error or not&quot;)
public void verify_if_system_shows_an_error_or_not() {
    // Write code here that turns the phrase above into concrete actions
    throw new io.cucumber.java.PendingException();
}
" type="io.cucumber.testng.UndefinedStepException">
      <![CDATA[io.cucumber.testng.UndefinedStepException: The step 'user is going to carb calculator site' and 4 other step(s) are undefined.
You can implement these steps using the snippet(s) below:

@Given("user is going to carb calculator site")
public void user_is_going_to_carb_calculator_site() {
    // Write code here that turns the phrase above into concrete actions
    throw new io.cucumber.java.PendingException();
}
@When("Metrics units is selected default")
public void metrics_units_is_selected_default() {
    // Write code here that turns the phrase above into concrete actions
    throw new io.cucumber.java.PendingException();
}
@When("enter invalid input for all the fields")
public void enter_invalid_input_for_all_the_fields() {
    // Write code here that turns the phrase above into concrete actions
    throw new io.cucumber.java.PendingException();
}
@When("Click on calculate button")
public void click_on_calculate_button() {
    // Write code here that turns the phrase above into concrete actions
    throw new io.cucumber.java.PendingException();
}
@Then("Verify if system shows an error or not")
public void verify_if_system_shows_an_error_or_not() {
    // Write code here that turns the phrase above into concrete actions
    throw new io.cucumber.java.PendingException();
}

at ✽.user is going to carb calculator site(file:///C:/Users/patel/eclipse-workspace/carbohydrate/src/test/resources/featureFile/errorValidationForInvalidInput.feature:4)
]]>
    </error>
  </testcase> <!-- runScenario -->
</testsuite> <!-- calculator.cabohydrate.runner.errorValidationRunner -->
