<?xml version="1.0" encoding="UTF-8"?>
<!-- Generated by org.testng.reporters.JUnitReportReporter -->
<testsuite hostname="DESKTOP-P010FOM" failures="0" tests="2" name="calculator.cabohydrate.runner.defaultValidationRunner" time="0.448" errors="2" timestamp="2025-11-04T18:14:56 EST" skipped="0">
  <testcase classname="calculator.cabohydrate.runner.defaultValidationRunner" name="runScenario" time="0.047">
    <error message="The step &#039;user is going to carb calculator site&#039; and 9 other step(s) are undefined.
You can implement these steps using the snippet(s) below:

@Given(&quot;user is going to carb calculator site&quot;)
public void user_is_going_to_carb_calculator_site() {
    // Write code here that turns the phrase above into concrete actions
    throw new io.cucumber.java.PendingException();
}
@When(&quot;Metrics units is selected default&quot;)
public void metrics_units_is_selected_default() {
    // Write code here that turns the phrase above into concrete actions
    throw new io.cucumber.java.PendingException();
}
@When(&quot;verify age has by default value&quot;)
public void verify_age_has_by_default_value() {
    // Write code here that turns the phrase above into concrete actions
    throw new io.cucumber.java.PendingException();
}
@When(&quot;verify gender has by default value&quot;)
public void verify_gender_has_by_default_value() {
    // Write code here that turns the phrase above into concrete actions
    throw new io.cucumber.java.PendingException();
}
@When(&quot;verify height has by default value&quot;)
public void verify_height_has_by_default_value() {
    // Write code here that turns the phrase above into concrete actions
    throw new io.cucumber.java.PendingException();
}
@When(&quot;verify weight has by default value&quot;)
public void verify_weight_has_by_default_value() {
    // Write code here that turns the phrase above into concrete actions
    throw new io.cucumber.java.PendingException();
}
@When(&quot;verify light activity is preselected&quot;)
public void verify_light_activity_is_preselected() {
    // Write code here that turns the phrase above into concrete actions
    throw new io.cucumber.java.PendingException();
}
@When(&quot;click on Setting&quot;)
public void click_on_setting() {
    // Write code here that turns the phrase above into concrete actions
    throw new io.cucumber.java.PendingException();
}
@When(&quot;verify St jeror BMR calculaiton is selected&quot;)
public void verify_st_jeror_bmr_calculaiton_is_selected() {
    // Write code here that turns the phrase above into concrete actions
    throw new io.cucumber.java.PendingException();
}
@When(&quot;verify body fat has by default value&quot;)
public void verify_body_fat_has_by_default_value() {
    // Write code here that turns the phrase above into concrete actions
    throw new io.cucumber.java.PendingException();
}
" type="io.cucumber.testng.UndefinedStepException">
      <![CDATA[io.cucumber.testng.UndefinedStepException: The step 'user is going to carb calculator site' and 9 other step(s) are undefined.
You can implement these steps using the snippet(s) below:

@Given("user is going to carb calculator site")
public void user_is_going_to_carb_calculator_site() {
    // Write code here that turns the phrase above into concrete actions
    throw new io.cucumber.java.PendingException();
}
@When("Metrics units is selected default")
public void metrics_units_is_selected_default() {
    // Write code here that turns the phrase above into concrete actions
    throw new io.cucumber.java.PendingException();
}
@When("verify age has by default value")
public void verify_age_has_by_default_value() {
    // Write code here that turns the phrase above into concrete actions
    throw new io.cucumber.java.PendingException();
}
@When("verify gender has by default value")
public void verify_gender_has_by_default_value() {
    // Write code here that turns the phrase above into concrete actions
    throw new io.cucumber.java.PendingException();
}
@When("verify height has by default value")
public void verify_height_has_by_default_value() {
    // Write code here that turns the phrase above into concrete actions
    throw new io.cucumber.java.PendingException();
}
@When("verify weight has by default value")
public void verify_weight_has_by_default_value() {
    // Write code here that turns the phrase above into concrete actions
    throw new io.cucumber.java.PendingException();
}
@When("verify light activity is preselected")
public void verify_light_activity_is_preselected() {
    // Write code here that turns the phrase above into concrete actions
    throw new io.cucumber.java.PendingException();
}
@When("click on Setting")
public void click_on_setting() {
    // Write code here that turns the phrase above into concrete actions
    throw new io.cucumber.java.PendingException();
}
@When("verify St jeror BMR calculaiton is selected")
public void verify_st_jeror_bmr_calculaiton_is_selected() {
    // Write code here that turns the phrase above into concrete actions
    throw new io.cucumber.java.PendingException();
}
@When("verify body fat has by default value")
public void verify_body_fat_has_by_default_value() {
    // Write code here that turns the phrase above into concrete actions
    throw new io.cucumber.java.PendingException();
}

at ✽.user is going to carb calculator site(file:///C:/Users/patel/eclipse-workspace/carbohydrate/src/test/resources/featureFile/defaultBehaviourValidation.feature:4)
]]>
    </error>
  </testcase> <!-- runScenario -->
  <testcase classname="calculator.cabohydrate.runner.defaultValidationRunner" name="runScenario" time="0.401">
    <error message="The step &#039;user is going to carb calculator site&#039; and 2 other step(s) are undefined.
You can implement these steps using the snippet(s) below:

@Given(&quot;user is going to carb calculator site&quot;)
public void user_is_going_to_carb_calculator_site() {
    // Write code here that turns the phrase above into concrete actions
    throw new io.cucumber.java.PendingException();
}
@Given(&quot;system display application&quot;)
public void system_display_application() {
    // Write code here that turns the phrase above into concrete actions
    throw new io.cucumber.java.PendingException();
}
@Then(&quot;verify the title displays carbohydrate calculator&quot;)
public void verify_the_title_displays_carbohydrate_calculator() {
    // Write code here that turns the phrase above into concrete actions
    throw new io.cucumber.java.PendingException();
}
" type="io.cucumber.testng.UndefinedStepException">
      <![CDATA[io.cucumber.testng.UndefinedStepException: The step 'user is going to carb calculator site' and 2 other step(s) are undefined.
You can implement these steps using the snippet(s) below:

@Given("user is going to carb calculator site")
public void user_is_going_to_carb_calculator_site() {
    // Write code here that turns the phrase above into concrete actions
    throw new io.cucumber.java.PendingException();
}
@Given("system display application")
public void system_display_application() {
    // Write code here that turns the phrase above into concrete actions
    throw new io.cucumber.java.PendingException();
}
@Then("verify the title displays carbohydrate calculator")
public void verify_the_title_displays_carbohydrate_calculator() {
    // Write code here that turns the phrase above into concrete actions
    throw new io.cucumber.java.PendingException();
}

at ✽.user is going to carb calculator site(file:///C:/Users/patel/eclipse-workspace/carbohydrate/src/test/resources/featureFile/defaultBehaviourValidation.feature:4)
]]>
    </error>
  </testcase> <!-- runScenario -->
</testsuite> <!-- calculator.cabohydrate.runner.defaultValidationRunner -->
