<?xml version="1.0" encoding="UTF-8"?>
<!-- Generated by org.testng.reporters.JUnitReportReporter -->
<testsuite hostname="DESKTOP-P010FOM" failures="0" tests="3" name="calculator.carbohydrate.runner.calculatorRunner" time="27.416" errors="0" timestamp="2025-11-04T18:32:10 EST" skipped="0">
  <testcase classname="calculator.carbohydrate.runner.calculatorRunner" name="runScenario" time="9.853"/>
  <testcase classname="calculator.carbohydrate.runner.calculatorRunner" name="runScenario" time="8.707"/>
  <testcase classname="calculator.carbohydrate.runner.calculatorRunner" name="runScenario" time="8.856"/>
</testsuite> <!-- calculator.carbohydrate.runner.calculatorRunner -->
