<?xml version="1.0" encoding="UTF-8"?>
<!-- Generated by org.testng.reporters.JUnitReportReporter -->
<testsuite hostname="DESKTOP-P010FOM" failures="0" tests="3" name="calculator.carbohydrate.runner.defaultBehaviourValidationRunner" time="0.602" errors="3" timestamp="2025-11-04T18:21:02 EST" skipped="0">
  <testcase classname="calculator.carbohydrate.runner.defaultBehaviourValidationRunner" name="runScenario" time="0.555">
    <error message="Cannot invoke &quot;org.openqa.selenium.WebDriver.getCurrentUrl()&quot; because &quot;calculator.carbohydrate.stepDefs.defaultBehaviourSteps.driver&quot; is null" type="java.lang.NullPointerException">
      <![CDATA[java.lang.NullPointerException: Cannot invoke "org.openqa.selenium.WebDriver.getCurrentUrl()" because "calculator.carbohydrate.stepDefs.defaultBehaviourSteps.driver" is null
at calculator.carbohydrate.stepDefs.defaultBehaviourSteps.user_going_to_calculator_site(defaultBehaviourSteps.java:28)
at ✽.user is going to carb calculator site(file:///C:/Users/patel/eclipse-workspace/carbohydrate/src/test/resources/featureFile/defaultBehaviourValidation.feature:4)
]]>
    </error>
  </testcase> <!-- runScenario -->
  <testcase classname="calculator.carbohydrate.runner.defaultBehaviourValidationRunner" name="runScenario" time="0.019">
    <error message="Cannot invoke &quot;org.openqa.selenium.WebDriver.getCurrentUrl()&quot; because &quot;calculator.carbohydrate.stepDefs.defaultBehaviourSteps.driver&quot; is null" type="java.lang.NullPointerException">
      <![CDATA[java.lang.NullPointerException: Cannot invoke "org.openqa.selenium.WebDriver.getCurrentUrl()" because "calculator.carbohydrate.stepDefs.defaultBehaviourSteps.driver" is null
at calculator.carbohydrate.stepDefs.defaultBehaviourSteps.user_going_to_calculator_site(defaultBehaviourSteps.java:28)
at ✽.user is going to carb calculator site(file:///C:/Users/patel/eclipse-workspace/carbohydrate/src/test/resources/featureFile/errorValidationForInvalidInput.feature:4)
]]>
    </error>
  </testcase> <!-- runScenario -->
  <testcase classname="calculator.carbohydrate.runner.defaultBehaviourValidationRunner" name="runScenario" time="0.028">
    <error message="Cannot invoke &quot;org.openqa.selenium.WebDriver.getCurrentUrl()&quot; because &quot;calculator.carbohydrate.stepDefs.defaultBehaviourSteps.driver&quot; is null" type="java.lang.NullPointerException">
      <![CDATA[java.lang.NullPointerException: Cannot invoke "org.openqa.selenium.WebDriver.getCurrentUrl()" because "calculator.carbohydrate.stepDefs.defaultBehaviourSteps.driver" is null
at calculator.carbohydrate.stepDefs.defaultBehaviourSteps.user_going_to_calculator_site(defaultBehaviourSteps.java:28)
at ✽.user is going to carb calculator site(file:///C:/Users/patel/eclipse-workspace/carbohydrate/src/test/resources/featureFile/defaultBehaviourValidation.feature:4)
]]>
    </error>
  </testcase> <!-- runScenario -->
</testsuite> <!-- calculator.carbohydrate.runner.defaultBehaviourValidationRunner -->
