<?xml version="1.0" encoding="UTF-8"?>
<testsuite xmlns:xsi="http://www.w3.org/2001/XMLSchema-instance" xsi:noNamespaceSchemaLocation="https://maven.apache.org/surefire/maven-surefire-plugin/xsd/surefire-test-report.xsd" version="3.0.2" name="TestSuite" time="50.608" tests="4" errors="0" skipped="0" failures="0">
  <properties>
[...]
</properties>
  <testcase name="runScenario[&quot;Verify the carbohydrate calculatoe is opening&quot;, &quot;Validate bydefault behaviour Carbohydrate Calculator Site&quot;](1)" classname="calculator.carbohydrate.runner.calculatorRunner" time="12.749">
    <system-out><![CDATA[
Scenario: Verify the carbohydrate calculatoe is opening    # file:///C:/Users/patel/git/CarbCalculator/carbohydrate/src/test/resources/featureFile/defaultBehaviourValidation.feature:6
Invoking Url: https://www.calculator.net/carbohydrate-calculator.html
User is on https://www.calculator.net/carbohydrate-calculator.html
  ✔ Given user is going to carb calculator site            # calculator.carbohydrate.stepDefs.defaultBehaviourSteps.user_going_to_calculator_site()
User is on: Carbohydrate Calculator
  ✔ And system display application                         # calculator.carbohydrate.stepDefs.defaultBehaviourSteps.system_display_application()
  ✔ Then verify the title displays carbohydrate calculator # calculator.carbohydrate.stepDefs.defaultBehaviourSteps.verify_the_title_displays_carbohydrate_calculator()
]]></system-out>
    <system-err><![CDATA[SLF4J: Failed to load class "org.slf4j.impl.StaticLoggerBinder".
SLF4J: Defaulting to no-operation (NOP) logger implementation
SLF4J: See http://www.slf4j.org/codes.html#StaticLoggerBinder for further details.
]]></system-err>
  </testcase>
  <testcase name="runScenario[&quot;Verify the form if showing default value or not upon landing.&quot;, &quot;Validate bydefault behaviour Carbohydrate Calculator Site&quot;](2)" classname="calculator.carbohydrate.runner.calculatorRunner" time="10.426">
    <system-out><![CDATA[
Scenario: Verify the form if showing default value or not upon landing. # file:///C:/Users/patel/git/CarbCalculator/carbohydrate/src/test/resources/featureFile/defaultBehaviourValidation.feature:10
Invoking Url: https://www.calculator.net/carbohydrate-calculator.html
User is on https://www.calculator.net/carbohydrate-calculator.html
  ✔ Given user is going to carb calculator site                         # calculator.carbohydrate.stepDefs.defaultBehaviourSteps.user_going_to_calculator_site()
Metric Units is selected by default
  ✔ When Metrics units is selected default                              # calculator.carbohydrate.stepDefs.defaultBehaviourSteps.verify_metrics_units_is_selected_default()
Default age is 25 as expected
  ✔ And verify age has by default value                                 # calculator.carbohydrate.stepDefs.defaultBehaviourSteps.verify_age_has_by_default_value()
Male radio is selected
  ✔ And verify gender has by default value                              # calculator.carbohydrate.stepDefs.defaultBehaviourSteps.verify_gender_has_by_default_value()
Default height value: 180
  ✔ And verify height has by default value                              # calculator.carbohydrate.stepDefs.defaultBehaviourSteps.verify_height_has_by_default_value()
Default height value: 60
  ✔ And verify weight has by default value                              # calculator.carbohydrate.stepDefs.defaultBehaviourSteps.verify_weight_has_by_default_value()
Selected acitvity: Light: exercise 1-3 times/week
  ✔ And verify light activity is preselected                            # calculator.carbohydrate.stepDefs.defaultBehaviourSteps.verify_light_activity_is_preselected()
  ✔ And click on Setting                                                # calculator.carbohydrate.stepDefs.defaultBehaviourSteps.click_on_setting()
No formula is selected by default!
  ✔ And verify St jeror BMR calculaiton is selected                     # calculator.carbohydrate.stepDefs.defaultBehaviourSteps.verify_st_jeror_bmr_calculaiton_is_selected()
  ✔ And verify body fat has by default value                            # calculator.carbohydrate.stepDefs.defaultBehaviourSteps.verify_body_fat_has_by_default_value()
]]></system-out>
  </testcase>
  <testcase name="runScenario[&quot;Verify if system shows an error for invalid inputs&quot;, &quot;Validate system shows an error for invalid input&quot;](3)" classname="calculator.carbohydrate.runner.calculatorRunner" time="13.109">
    <system-out><![CDATA[
Scenario: Verify if system shows an error for invalid inputs # file:///C:/Users/patel/git/CarbCalculator/carbohydrate/src/test/resources/featureFile/errorValidationForInvalidInput.feature:6
Invoking Url: https://www.calculator.net/carbohydrate-calculator.html
User is on https://www.calculator.net/carbohydrate-calculator.html
  ✔ Given user is going to carb calculator site              # calculator.carbohydrate.stepDefs.defaultBehaviourSteps.user_going_to_calculator_site()
Metric Units is selected by default
  ✔ When Metrics units is selected default                   # calculator.carbohydrate.stepDefs.defaultBehaviourSteps.verify_metrics_units_is_selected_default()
  ✔ And enter invalid input for all the fields               # calculator.carbohydrate.stepDefs.errorValidationSteps.enter_invalid_input_for_all_the_fields()
  ✔ And Click on calculate button                            # calculator.carbohydrate.stepDefs.errorValidationSteps.click_on_calculate_button()
------Below are the error showing for invalid input------
Please provide an age between 18 and 80.
Please provide positive height value.
Please provide positive weight value.
Please provide a reasonable body fat percentage.
  ✔ Then Verify if system shows an error or not              # calculator.carbohydrate.stepDefs.errorValidationSteps.verify_if_system_shows_an_error_or_not()
]]></system-out>
  </testcase>
  <testcase name="runScenario[&quot;Verify system shows unit convertor window or Metric Unit&quot;, &quot;Verify Unit Conversion Feature&quot;](4)" classname="calculator.carbohydrate.runner.calculatorRunner" time="11.419">
    <system-out><![CDATA[
Scenario: Verify system shows unit convertor window or Metric Unit # file:///C:/Users/patel/git/CarbCalculator/carbohydrate/src/test/resources/featureFile/verifyUnitConversionFeature.feature:6
Invoking Url: https://www.calculator.net/carbohydrate-calculator.html
User is on https://www.calculator.net/carbohydrate-calculator.html
  ✔ Given user is going to carb calculator site                    # calculator.carbohydrate.stepDefs.defaultBehaviourSteps.user_going_to_calculator_site()
  ✔ When user clicks on Other Units                                # calculator.carbohydrate.stepDefs.unitConversionValidationSteps.user_clicks_on_other_units()
Use this converter to convert to the unit accepted by the calculator.
  ✔ Then system shows unit convertor window                        # calculator.carbohydrate.stepDefs.unitConversionValidationSteps.system_shows_unit_coverton_window()
]]></system-out>
  </testcase>
</testsuite>