<?xml version="1.0" encoding="UTF-8"?>
<testng-results ignored="0" total="4" passed="4" failed="0" skipped="0">
  <reporter-output>
  </reporter-output>
  <suite started-at="2026-02-08T15:25:26 EST" name="Carb Calculator" finished-at="2026-02-08T15:26:16 EST" duration-ms="49829">
    <groups>
      <group name="cucumber">
        <method signature="AbstractTestNGCucumberTests.runScenario(io.cucumber.testng.PickleWrapper,io.cucumber.testng.FeatureWrapper)[pri:0, instance:calculator.carbohydrate.runner.calculatorRunner@55b699ef]" name="runScenario" class="io.cucumber.testng.AbstractTestNGCucumberTests"/>
      </group> <!-- cucumber -->
    </groups>
    <test started-at="2026-02-08T15:25:26 EST" name="Functional Test" finished-at="2026-02-08T15:26:16 EST" duration-ms="49829">
      <class name="calculator.carbohydrate.runner.calculatorRunner">
        <test-method is-config="true" signature="setUpClass(org.testng.ITestContext)[pri:0, instance:calculator.carbohydrate.runner.calculatorRunner@55b699ef]" started-at="2026-02-08T15:25:26 EST" name="setUpClass" finished-at="2026-02-08T15:25:27 EST" duration-ms="1340" status="PASS">
          <params>
            <param index="0">
              <value>
                <![CDATA[org.testng.TestRunner@260e3837]]>
              </value>
            </param>
          </params>
          <reporter-output>
          </reporter-output>
        </test-method> <!-- setUpClass -->
        <test-method signature="runScenario(io.cucumber.testng.PickleWrapper,io.cucumber.testng.FeatureWrapper)[pri:0, instance:calculator.carbohydrate.runner.calculatorRunner@55b699ef]" started-at="2026-02-08T15:25:27 EST" name="runScenario" description="Runs Cucumber Scenarios" data-provider="scenarios" finished-at="2026-02-08T15:25:40 EST" duration-ms="12747" status="PASS">
          <params>
            <param index="0">
              <value>
                <![CDATA["Verify the carbohydrate calculatoe is opening"]]>
              </value>
            </param>
            <param index="1">
              <value>
                <![CDATA["Validate bydefault behaviour Carbohydrate Calculator Site"]]>
              </value>
            </param>
          </params>
          <reporter-output>
          </reporter-output>
        </test-method> <!-- runScenario -->
        <test-method signature="runScenario(io.cucumber.testng.PickleWrapper,io.cucumber.testng.FeatureWrapper)[pri:0, instance:calculator.carbohydrate.runner.calculatorRunner@55b699ef]" started-at="2026-02-08T15:25:40 EST" name="runScenario" description="Runs Cucumber Scenarios" data-provider="scenarios" finished-at="2026-02-08T15:25:50 EST" duration-ms="10479" status="PASS">
          <params>
            <param index="0">
              <value>
                <![CDATA["Verify the form if showing default value or not upon landing."]]>
              </value>
            </param>
            <param index="1">
              <value>
                <![CDATA["Validate bydefault behaviour Carbohydrate Calculator Site"]]>
              </value>
            </param>
          </params>
          <reporter-output>
          </reporter-output>
        </test-method> <!-- runScenario -->
        <test-method signature="runScenario(io.cucumber.testng.PickleWrapper,io.cucumber.testng.FeatureWrapper)[pri:0, instance:calculator.carbohydrate.runner.calculatorRunner@55b699ef]" started-at="2026-02-08T15:25:50 EST" name="runScenario" description="Runs Cucumber Scenarios" data-provider="scenarios" finished-at="2026-02-08T15:26:04 EST" duration-ms="13108" status="PASS">
          <params>
            <param index="0">
              <value>
                <![CDATA["Verify if system shows an error for invalid inputs"]]>
              </value>
            </param>
            <param index="1">
              <value>
                <![CDATA["Validate system shows an error for invalid input"]]>
              </value>
            </param>
          </params>
          <reporter-output>
          </reporter-output>
        </test-method> <!-- runScenario -->
        <test-method signature="runScenario(io.cucumber.testng.PickleWrapper,io.cucumber.testng.FeatureWrapper)[pri:0, instance:calculator.carbohydrate.runner.calculatorRunner@55b699ef]" started-at="2026-02-08T15:26:04 EST" name="runScenario" description="Runs Cucumber Scenarios" data-provider="scenarios" finished-at="2026-02-08T15:26:15 EST" duration-ms="11418" status="PASS">
          <params>
            <param index="0">
              <value>
                <![CDATA["Verify system shows unit convertor window or Metric Unit"]]>
              </value>
            </param>
            <param index="1">
              <value>
                <![CDATA["Verify Unit Conversion Feature"]]>
              </value>
            </param>
          </params>
          <reporter-output>
          </reporter-output>
        </test-method> <!-- runScenario -->
        <test-method is-config="true" signature="tearDownClass()[pri:0, instance:calculator.carbohydrate.runner.calculatorRunner@55b699ef]" started-at="2026-02-08T15:26:15 EST" name="tearDownClass" finished-at="2026-02-08T15:26:16 EST" duration-ms="674" status="PASS">
          <reporter-output>
          </reporter-output>
        </test-method> <!-- tearDownClass -->
      </class> <!-- calculator.carbohydrate.runner.calculatorRunner -->
    </test> <!-- Functional Test -->
  </suite> <!-- Carb Calculator -->
</testng-results>
