<?xml version="1.0" encoding="UTF-8"?>
<testng-results ignored="0" total="3" passed="3" failed="0" skipped="0">
  <reporter-output>
  </reporter-output>
  <suite started-at="2025-11-04T18:31:41 EST" name="Carb Calculator" finished-at="2025-11-04T18:32:10 EST" duration-ms="29347">
    <groups>
      <group name="cucumber">
        <method signature="AbstractTestNGCucumberTests.runScenario(io.cucumber.testng.PickleWrapper,io.cucumber.testng.FeatureWrapper)[pri:0, instance:calculator.carbohydrate.runner.calculatorRunner@55fe41ea]" name="runScenario" class="io.cucumber.testng.AbstractTestNGCucumberTests"/>
      </group> <!-- cucumber -->
    </groups>
    <test started-at="2025-11-04T18:31:41 EST" name="Functional Test" finished-at="2025-11-04T18:32:10 EST" duration-ms="29347">
      <class name="calculator.carbohydrate.runner.calculatorRunner">
        <test-method is-config="true" signature="setUpClass(org.testng.ITestContext)[pri:0, instance:calculator.carbohydrate.runner.calculatorRunner@55fe41ea]" started-at="2025-11-04T18:31:41 EST" name="setUpClass" finished-at="2025-11-04T18:31:42 EST" duration-ms="1163" status="PASS">
          <params>
            <param index="0">
              <value>
                <![CDATA[org.testng.TestRunner@64e7d698]]>
              </value>
            </param>
          </params>
          <reporter-output>
          </reporter-output>
        </test-method> <!-- setUpClass -->
        <test-method signature="runScenario(io.cucumber.testng.PickleWrapper,io.cucumber.testng.FeatureWrapper)[pri:0, instance:calculator.carbohydrate.runner.calculatorRunner@55fe41ea]" started-at="2025-11-04T18:31:42 EST" name="runScenario" description="Runs Cucumber Scenarios" data-provider="scenarios" finished-at="2025-11-04T18:31:51 EST" duration-ms="8707" status="PASS">
          <params>
            <param index="0">
              <value>
                <![CDATA["Verify the carbohydrate calculatoe is opening"]]>
              </value>
            </param>
            <param index="1">
              <value>
                <![CDATA["Validate bydefault behaviour Carbohydrate Calculator Site"]]>
              </value>
            </param>
          </params>
          <reporter-output>
          </reporter-output>
        </test-method> <!-- runScenario -->
        <test-method signature="runScenario(io.cucumber.testng.PickleWrapper,io.cucumber.testng.FeatureWrapper)[pri:0, instance:calculator.carbohydrate.runner.calculatorRunner@55fe41ea]" started-at="2025-11-04T18:31:51 EST" name="runScenario" description="Runs Cucumber Scenarios" data-provider="scenarios" finished-at="2025-11-04T18:32:00 EST" duration-ms="8856" status="PASS">
          <params>
            <param index="0">
              <value>
                <![CDATA["Verify the form if showing default value or not upon landing."]]>
              </value>
            </param>
            <param index="1">
              <value>
                <![CDATA["Validate bydefault behaviour Carbohydrate Calculator Site"]]>
              </value>
            </param>
          </params>
          <reporter-output>
          </reporter-output>
        </test-method> <!-- runScenario -->
        <test-method signature="runScenario(io.cucumber.testng.PickleWrapper,io.cucumber.testng.FeatureWrapper)[pri:0, instance:calculator.carbohydrate.runner.calculatorRunner@55fe41ea]" started-at="2025-11-04T18:32:00 EST" name="runScenario" description="Runs Cucumber Scenarios" data-provider="scenarios" finished-at="2025-11-04T18:32:10 EST" duration-ms="9853" status="PASS">
          <params>
            <param index="0">
              <value>
                <![CDATA["Verify if system shows an error for invalid inputs"]]>
              </value>
            </param>
            <param index="1">
              <value>
                <![CDATA["Validate system shows an error for invalid input"]]>
              </value>
            </param>
          </params>
          <reporter-output>
          </reporter-output>
        </test-method> <!-- runScenario -->
        <test-method is-config="true" signature="tearDownClass()[pri:0, instance:calculator.carbohydrate.runner.calculatorRunner@55fe41ea]" started-at="2025-11-04T18:32:10 EST" name="tearDownClass" finished-at="2025-11-04T18:32:10 EST" duration-ms="698" status="PASS">
          <reporter-output>
          </reporter-output>
        </test-method> <!-- tearDownClass -->
      </class> <!-- calculator.carbohydrate.runner.calculatorRunner -->
    </test> <!-- Functional Test -->
  </suite> <!-- Carb Calculator -->
</testng-results>
