<?xml version="1.0" encoding="UTF-8"?>
<!-- Generated by org.testng.reporters.JUnitReportReporter -->
<testsuite hostname="DESKTOP-P010FOM" failures="0" tests="4" name="calculator.carbohydrate.runner.calculatorRunner" time="47.752" errors="0" timestamp="2026-02-08T15:26:16 EST" skipped="0">
  <testcase classname="calculator.carbohydrate.runner.calculatorRunner" name="runScenario" time="10.479"/>
  <testcase classname="calculator.carbohydrate.runner.calculatorRunner" name="runScenario" time="13.108"/>
  <testcase classname="calculator.carbohydrate.runner.calculatorRunner" name="runScenario" time="11.418"/>
  <testcase classname="calculator.carbohydrate.runner.calculatorRunner" name="runScenario" time="12.747"/>
</testsuite> <!-- calculator.carbohydrate.runner.calculatorRunner -->
