<?xml version="1.0" encoding="UTF-8"?>
<!-- Generated by org.testng.reporters.JUnitXMLReporter -->
<testsuite ignored="0" hostname="DESKTOP-P010FOM" failures="1" tests="1" name="Default test" time="2.551" errors="0" timestamp="2025-11-04T15:11:39 EST">
  <testcase classname="io.cucumber.testng.AbstractTestNGCucumberTests" name="runScenario" time="1.152">
    <failure type="java.lang.NullPointerException" message="Cannot invoke &amp;quot;org.openqa.selenium.WebDriver.getCurrentUrl()&amp;quot; because &amp;quot;calculator.cabohydrate.stepDefs.calculaorPageSteps.driver&amp;quot; is null">
      <![CDATA[java.lang.NullPointerException: Cannot invoke "org.openqa.selenium.WebDriver.getCurrentUrl()" because "calculator.cabohydrate.stepDefs.calculaorPageSteps.driver" is null
at calculator.cabohydrate.stepDefs.calculaorPageSteps.user_going_to_calculator_site(calculaorPageSteps.java:24)
at âœ½.user is going to carb calculator site(file:///C:/Users/patel/eclipse-workspace/cabohydrate/src/test/resources/featureFile/testcase1.feature:4)
]]>
    </failure>
  </testcase> <!-- runScenario -->
</testsuite> <!-- Default test -->
